Using pre-set license
Built from '2021.3/staging' branch; Version is '2021.3.4f1 (cb45f9cae8b7) revision 13321721'; Using compiler version '192829333'; Build Type 'Release'
OS: 'Windows 10  (10.0.19045) 64bit Core' Language: 'ru' Physical Memory: 24407 MB
BatchMode: 1, IsHumanControllingUs: 0, StartBugReporterOnCrash: 0, Is64bit: 1, IsPro: 1

COMMAND LINE ARGUMENTS:
E:\Unity Hub\2021.3.4f1\Editor\Unity.exe
-adb2
-batchMode
-noUpm
-name
AssetImportWorker0
-projectPath
E:/UnityWithFriend/Roucard
-logFile
Logs/AssetImportWorker0.log
-srvPort
58189
Successfully changed project path to: E:/UnityWithFriend/Roucard
E:/UnityWithFriend/Roucard
[UnityMemory] Configuration Parameters - Can be set up in boot.config
    "memorysetup-bucket-allocator-granularity=16"
    "memorysetup-bucket-allocator-bucket-count=8"
    "memorysetup-bucket-allocator-block-size=33554432"
    "memorysetup-bucket-allocator-block-count=8"
    "memorysetup-main-allocator-block-size=16777216"
    "memorysetup-thread-allocator-block-size=16777216"
    "memorysetup-gfx-main-allocator-block-size=16777216"
    "memorysetup-gfx-thread-allocator-block-size=16777216"
    "memorysetup-cache-allocator-block-size=4194304"
    "memorysetup-typetree-allocator-block-size=2097152"
    "memorysetup-profiler-bucket-allocator-granularity=16"
    "memorysetup-profiler-bucket-allocator-bucket-count=8"
    "memorysetup-profiler-bucket-allocator-block-size=33554432"
    "memorysetup-profiler-bucket-allocator-block-count=8"
    "memorysetup-profiler-allocator-block-size=16777216"
    "memorysetup-profiler-editor-allocator-block-size=1048576"
    "memorysetup-temp-allocator-size-main=16777216"
    "memorysetup-job-temp-allocator-block-size=2097152"
    "memorysetup-job-temp-allocator-block-size-background=1048576"
    "memorysetup-job-temp-allocator-reduction-small-platforms=262144"
    "memorysetup-temp-allocator-size-background-worker=32768"
    "memorysetup-temp-allocator-size-job-worker=262144"
    "memorysetup-temp-allocator-size-preload-manager=33554432"
    "memorysetup-temp-allocator-size-nav-mesh-worker=65536"
    "memorysetup-temp-allocator-size-audio-worker=65536"
    "memorysetup-temp-allocator-size-cloud-worker=32768"
    "memorysetup-temp-allocator-size-gi-baking-worker=262144"
    "memorysetup-temp-allocator-size-gfx=262144"
Refreshing native plugins compatible for Editor in 182.91 ms, found 4 plugins.
Preloading 0 native plugins for Editor in 0.00 ms.
Initialize engine version: 2021.3.4f1 (cb45f9cae8b7)
[Subsystems] Discovering subsystems at path E:/Unity Hub/2021.3.4f1/Editor/Data/Resources/UnitySubsystems
[Subsystems] Discovering subsystems at path E:/UnityWithFriend/Roucard/Assets
GfxDevice: creating device client; threaded=0; jobified=0
Direct3D:
    Version:  Direct3D 11.0 [level 11.1]
    Renderer: NVIDIA GeForce RTX 3060 Laptop GPU (ID=0x2520)
    Vendor:   NVIDIA
    VRAM:     6009 MB
    Driver:   31.0.15.3713
Initialize mono
Mono path[0] = 'E:/Unity Hub/2021.3.4f1/Editor/Data/Managed'
Mono path[1] = 'E:/Unity Hub/2021.3.4f1/Editor/Data/MonoBleedingEdge/lib/mono/unityjit-win32'
Mono config path = 'E:/Unity Hub/2021.3.4f1/Editor/Data/MonoBleedingEdge/etc'
Using monoOptions --debugger-agent=transport=dt_socket,embedding=1,server=y,suspend=n,address=127.0.0.1:56900
Begin MonoManager ReloadAssembly
Registering precompiled unity dll's ...
Register platform support module: E:/Unity Hub/2021.3.4f1/Editor/Data/PlaybackEngines/AndroidPlayer/UnityEditor.Android.Extensions.dll
Register platform support module: E:/Unity Hub/2021.3.4f1/Editor/Data/PlaybackEngines/iOSSupport/UnityEditor.iOS.Extensions.dll
Register platform support module: E:/Unity Hub/2021.3.4f1/Editor/Data/PlaybackEngines/WindowsStandaloneSupport/UnityEditor.WindowsStandalone.Extensions.dll
Registered in 0.005426 seconds.
Native extension for WindowsStandalone target not found
[usbmuxd] Start listen thread
[usbmuxd] Listen thread started
Native extension for iOS target not found
Native extension for Android target not found
Refreshing native plugins compatible for Editor in 193.52 ms, found 4 plugins.
Preloading 0 native plugins for Editor in 0.00 ms.
Mono: successfully reloaded assembly
- Completed reload, in  1.264 seconds
Domain Reload Profiling:
	ReloadAssembly (1264ms)
		BeginReloadAssembly (144ms)
			ExecutionOrderSort (0ms)
			DisableScriptedObjects (0ms)
			BackupInstance (0ms)
			ReleaseScriptingObjects (0ms)
			CreateAndSetChildDomain (2ms)
		EndReloadAssembly (937ms)
			LoadAssemblies (143ms)
			RebuildTransferFunctionScriptingTraits (0ms)
			SetupTypeCache (225ms)
			ReleaseScriptCaches (0ms)
			RebuildScriptCaches (51ms)
			SetupLoadedEditorAssemblies (570ms)
				LogAssemblyErrors (0ms)
				InitializePlatformSupportModulesInManaged (108ms)
				SetLoadedEditorAssemblies (0ms)
				RefreshPlugins (194ms)
				BeforeProcessingInitializeOnLoad (5ms)
				ProcessInitializeOnLoadAttributes (170ms)
				ProcessInitializeOnLoadMethodAttributes (92ms)
				AfterProcessingInitializeOnLoad (0ms)
				EditorAssembliesLoaded (0ms)
			ExecutionOrderSort2 (0ms)
			AwakeInstancesAfterBackupRestoration (0ms)
Platform modules already initialized, skipping
Registering precompiled user dll's ...
Registered in 0.010825 seconds.
Begin MonoManager ReloadAssembly
Symbol file LoadedFromMemory doesn't match image E:\UnityWithFriend\Roucard\Library\PackageCache\com.unity.visualscripting@1.7.8\Editor\VisualScripting.Core\Dependencies\YamlDotNet\Unity.VisualScripting.YamlDotNet.dll
Symbol file LoadedFromMemory doesn't match image E:\UnityWithFriend\Roucard\Library\PackageCache\com.unity.visualscripting@1.7.8\Editor\VisualScripting.Core\Dependencies\DotNetZip\Unity.VisualScripting.IonicZip.dll
Native extension for WindowsStandalone target not found
Native extension for iOS target not found
Native extension for Android target not found
Refreshing native plugins compatible for Editor in 192.20 ms, found 4 plugins.
Preloading 0 native plugins for Editor in 0.00 ms.
Mono: successfully reloaded assembly
- Completed reload, in  2.339 seconds
Domain Reload Profiling:
	ReloadAssembly (2340ms)
		BeginReloadAssembly (317ms)
			ExecutionOrderSort (0ms)
			DisableScriptedObjects (12ms)
			BackupInstance (0ms)
			ReleaseScriptingObjects (1ms)
			CreateAndSetChildDomain (138ms)
		EndReloadAssembly (1821ms)
			LoadAssemblies (160ms)
			RebuildTransferFunctionScriptingTraits (0ms)
			SetupTypeCache (476ms)
			ReleaseScriptCaches (1ms)
			RebuildScriptCaches (105ms)
			SetupLoadedEditorAssemblies (992ms)
				LogAssemblyErrors (0ms)
				InitializePlatformSupportModulesInManaged (37ms)
				SetLoadedEditorAssemblies (0ms)
				RefreshPlugins (192ms)
				BeforeProcessingInitializeOnLoad (181ms)
				ProcessInitializeOnLoadAttributes (494ms)
				ProcessInitializeOnLoadMethodAttributes (80ms)
				AfterProcessingInitializeOnLoad (6ms)
				EditorAssembliesLoaded (0ms)
			ExecutionOrderSort2 (0ms)
			AwakeInstancesAfterBackupRestoration (9ms)
Platform modules already initialized, skipping
========================================================================
Worker process is ready to serve import requests
Launched and connected shader compiler UnityShaderCompiler.exe after 0.08 seconds
Refreshing native plugins compatible for Editor in 1.58 ms, found 4 plugins.
Preloading 0 native plugins for Editor in 0.00 ms.
Unloading 4056 Unused Serialized files (Serialized files now loaded: 0)
Unloading 44 unused Assets / (222.4 KB). Loaded Objects now: 4507.
Memory consumption went from 150.8 MB to 150.6 MB.
Total: 5.174500 ms (FindLiveObjects: 0.474600 ms CreateObjectMapping: 0.460400 ms MarkObjects: 4.005200 ms  DeleteObjects: 0.232500 ms)

AssetImportParameters requested are different than current active one (requested -> active):
  custom:video-decoder-ogg-theora: a1e56fd34408186e4bbccfd4996cb3dc -> 
  custom:container-muxer-webm: aa71ff27fc2769a1b78a27578f13a17b -> 
  custom:container-demuxer-webm: 4f35f7cbe854078d1ac9338744f61a02 -> 
  custom:video-encoder-webm-vp8: eb34c28f22e8b96e1ab97ce403110664 -> 
  custom:audio-encoder-webm-vorbis: bf7c407c2cedff20999df2af8eb42d56 -> 
  custom:framework-win-MediaFoundation: 216162199b28c13a410421893ffa2e32 -> 
  custom:container-demuxer-ogg: 62fdf1f143b41e24485cea50d1cbac27 -> 
  custom:video-decoder-webm-vp8: 9c59270c3fd7afecdb556c50c9e8de78 -> 
  custom:audio-decoder-ogg-vorbis: bf7c407c2cedff20999df2af8eb42d56 -> 
========================================================================
Received Import Request.
  Time since last request: 635.687626 seconds.
  path: Assets/Scenes
  artifactKey: Guid(131a6b21c8605f84396be9f6751fb6e3) Importer(815301076,1909f56bfc062723c751e8b465ee728b)
Start importing Assets/Scenes using Guid(131a6b21c8605f84396be9f6751fb6e3) Importer(815301076,1909f56bfc062723c751e8b465ee728b)  -> (artifact id: '2c23e514d24f6b65fe96946cd87fc526') in 0.026204 seconds 
========================================================================
Received Import Request.
  Time since last request: 0.000043 seconds.
  path: Assets/Scenes/SampleScene.unity
  artifactKey: Guid(2cda990e2423bbf4892e6590ba056729) Importer(815301076,1909f56bfc062723c751e8b465ee728b)
Start importing Assets/Scenes/SampleScene.unity using Guid(2cda990e2423bbf4892e6590ba056729) Importer(815301076,1909f56bfc062723c751e8b465ee728b)  -> (artifact id: 'e24c38ded777c6eac716cf6ee885caa1') in 0.015058 seconds 
========================================================================
Received Import Request.
  Time since last request: 5.885996 seconds.
  path: Assets/Scenes/Gameplay.unity
  artifactKey: Guid(2cda990e2423bbf4892e6590ba056729) Importer(815301076,1909f56bfc062723c751e8b465ee728b)
Start importing Assets/Scenes/Gameplay.unity using Guid(2cda990e2423bbf4892e6590ba056729) Importer(815301076,1909f56bfc062723c751e8b465ee728b)  -> (artifact id: '8cb400d2ba0369884725d520593b6ab3') in 0.013240 seconds 
========================================================================
Received Import Request.
  Time since last request: 11.243188 seconds.
  path: Assets/Scenes/Menu.unity
  artifactKey: Guid(656daa415eda61748a4f9dc82d831bb7) Importer(815301076,1909f56bfc062723c751e8b465ee728b)
Start importing Assets/Scenes/Menu.unity using Guid(656daa415eda61748a4f9dc82d831bb7) Importer(815301076,1909f56bfc062723c751e8b465ee728b)  -> (artifact id: '9ac21a95122fb33e7c097fefdf54be48') in 0.013938 seconds 
========================================================================
Received Import Request.
  Time since last request: 76.321012 seconds.
  path: Assets/Sprites
  artifactKey: Guid(9d9c5b8df3420404da4bf1d2f55136d1) Importer(815301076,1909f56bfc062723c751e8b465ee728b)
Start importing Assets/Sprites using Guid(9d9c5b8df3420404da4bf1d2f55136d1) Importer(815301076,1909f56bfc062723c751e8b465ee728b)  -> (artifact id: '8a7f3f18b46299992d3676fce0c5b62e') in 0.013305 seconds 
========================================================================
Received Import Request.
  Time since last request: 13.320124 seconds.
  path: Assets/Scripts
  artifactKey: Guid(b0cb81ffad03199478385c018196194b) Importer(815301076,1909f56bfc062723c751e8b465ee728b)
Start importing Assets/Scripts using Guid(b0cb81ffad03199478385c018196194b) Importer(815301076,1909f56bfc062723c751e8b465ee728b)  -> (artifact id: 'f4eb201dc37dd7b03a6acc757ea6f2c9') in 0.012674 seconds 
========================================================================
Received Import Request.
  Time since last request: 34.105473 seconds.
  path: Assets/Sprites/Sstick_Figure
  artifactKey: Guid(92429814f5bd44744b73b6b928730a96) Importer(815301076,1909f56bfc062723c751e8b465ee728b)
Start importing Assets/Sprites/Sstick_Figure using Guid(92429814f5bd44744b73b6b928730a96) Importer(815301076,1909f56bfc062723c751e8b465ee728b)  -> (artifact id: '0989067b60aa331e8359206657681711') in 0.013864 seconds 
========================================================================
Received Import Request.
  Time since last request: 12.053743 seconds.
  path: Assets/Sprites/Player
  artifactKey: Guid(070053a1eb57b1444ae1509af90ef402) Importer(815301076,1909f56bfc062723c751e8b465ee728b)
Start importing Assets/Sprites/Player using Guid(070053a1eb57b1444ae1509af90ef402) Importer(815301076,1909f56bfc062723c751e8b465ee728b)  -> (artifact id: 'bae3086a2e462f9bec130b01a67c4c58') in 0.013307 seconds 
========================================================================
Received Import Request.
  Time since last request: 6.042257 seconds.
  path: Assets/Sprites/Player/Idel
  artifactKey: Guid(c5e79356ec32f8f4aafaab71375c52e0) Importer(815301076,1909f56bfc062723c751e8b465ee728b)
Start importing Assets/Sprites/Player/Idel using Guid(c5e79356ec32f8f4aafaab71375c52e0) Importer(815301076,1909f56bfc062723c751e8b465ee728b)  -> (artifact id: '313e2ec71cad8f79d8775fe1ae752072') in 0.013587 seconds 
========================================================================
Received Import Request.
  Time since last request: 1.973176 seconds.
  path: Assets/Sprites/Sstick_Figure/Stick Figure Character Sprites 2D/Pistol sprites/pistol_air_attack_0062.png
  artifactKey: Guid(a36b7bc3b302607479604d6ebd719777) Importer(815301076,1909f56bfc062723c751e8b465ee728b)
Start importing Assets/Sprites/Sstick_Figure/Stick Figure Character Sprites 2D/Pistol sprites/pistol_air_attack_0062.png using Guid(a36b7bc3b302607479604d6ebd719777) Importer(815301076,1909f56bfc062723c751e8b465ee728b)  -> (artifact id: '62a2235283c3ed4d391c29da26f75d25') in 0.211841 seconds 
========================================================================
Received Import Request.
  Time since last request: 0.000036 seconds.
  path: Assets/Sprites/Sstick_Figure/Stick Figure Character Sprites 2D/Pistol sprites/pistol_dash_0037.png
  artifactKey: Guid(b0d008f78d72bf4409168627f34d4cb0) Importer(815301076,1909f56bfc062723c751e8b465ee728b)
Start importing Assets/Sprites/Sstick_Figure/Stick Figure Character Sprites 2D/Pistol sprites/pistol_dash_0037.png using Guid(b0d008f78d72bf4409168627f34d4cb0) Importer(815301076,1909f56bfc062723c751e8b465ee728b)  -> (artifact id: 'd6516ff0ec7fa70ceb22df9f50d6bdf5') in 0.055193 seconds 
========================================================================
Received Import Request.
  Time since last request: 0.000165 seconds.
  path: Assets/Sprites/Sstick_Figure/Stick Figure Character Sprites 2D/Pistol sprites/pistol_walk_0015.png
  artifactKey: Guid(d76932a920e03a440993630a69e158a3) Importer(815301076,1909f56bfc062723c751e8b465ee728b)
Start importing Assets/Sprites/Sstick_Figure/Stick Figure Character Sprites 2D/Pistol sprites/pistol_walk_0015.png using Guid(d76932a920e03a440993630a69e158a3) Importer(815301076,1909f56bfc062723c751e8b465ee728b)  -> (artifact id: 'd5c787be1fa7c43d8906e9dd120148d6') in 0.058197 seconds 
========================================================================
Received Import Request.
  Time since last request: 0.000055 seconds.
  path: Assets/Sprites/Sstick_Figure/Stick Figure Character Sprites 2D/Pistol sprites/pistol_walk_0010.png
  artifactKey: Guid(2d2a3b3d0cf41654cb8a278312043390) Importer(815301076,1909f56bfc062723c751e8b465ee728b)
Start importing Assets/Sprites/Sstick_Figure/Stick Figure Character Sprites 2D/Pistol sprites/pistol_walk_0010.png using Guid(2d2a3b3d0cf41654cb8a278312043390) Importer(815301076,1909f56bfc062723c751e8b465ee728b)  -> (artifact id: '89ea3ee0ee9434fdef24fd1b08ba7b2d') in 0.060148 seconds 
========================================================================
Received Import Request.
  Time since last request: 0.000032 seconds.
  path: Assets/Sprites/Sstick_Figure/Stick Figure Character Sprites 2D/Pistol sprites/pistol_run_0024.png
  artifactKey: Guid(b1629088cba8ef8449249a38424e5060) Importer(815301076,1909f56bfc062723c751e8b465ee728b)
Start importing Assets/Sprites/Sstick_Figure/Stick Figure Character Sprites 2D/Pistol sprites/pistol_run_0024.png using Guid(b1629088cba8ef8449249a38424e5060) Importer(815301076,1909f56bfc062723c751e8b465ee728b)  -> (artifact id: '1935f2eb07b47e55ffc4dabbba164baa') in 0.062384 seconds 
========================================================================
Received Import Request.
  Time since last request: 0.000043 seconds.
  path: Assets/Sprites/Sstick_Figure/Stick Figure Character Sprites 2D/Pistol sprites/pistol_jump_0043.png
  artifactKey: Guid(414f0c9c7403b4747a13c2f372590a84) Importer(815301076,1909f56bfc062723c751e8b465ee728b)
Start importing Assets/Sprites/Sstick_Figure/Stick Figure Character Sprites 2D/Pistol sprites/pistol_jump_0043.png using Guid(414f0c9c7403b4747a13c2f372590a84) Importer(815301076,1909f56bfc062723c751e8b465ee728b)  -> (artifact id: '08590d0a0bf7dc084477983526f689a2') in 0.054740 seconds 
========================================================================
Received Import Request.
  Time since last request: 0.000064 seconds.
  path: Assets/Sprites/Sstick_Figure/Stick Figure Character Sprites 2D/Pistol sprites/pistol_wallslide0067.png
  artifactKey: Guid(61a77a7f053243849b8507d5828434ab) Importer(815301076,1909f56bfc062723c751e8b465ee728b)
Start importing Assets/Sprites/Sstick_Figure/Stick Figure Character Sprites 2D/Pistol sprites/pistol_wallslide0067.png using Guid(61a77a7f053243849b8507d5828434ab) Importer(815301076,1909f56bfc062723c751e8b465ee728b)  -> (artifact id: 'c76bc97495eb6d59f04116bbcec15029') in 0.055366 seconds 
========================================================================
Received Import Request.
  Time since last request: 0.000045 seconds.
  path: Assets/Sprites/Sstick_Figure/Stick Figure Character Sprites 2D/Pistol sprites/pistol_walk_0011.png
  artifactKey: Guid(f9db7fc95a7551d458b76d00c78ce92b) Importer(815301076,1909f56bfc062723c751e8b465ee728b)
Start importing Assets/Sprites/Sstick_Figure/Stick Figure Character Sprites 2D/Pistol sprites/pistol_walk_0011.png using Guid(f9db7fc95a7551d458b76d00c78ce92b) Importer(815301076,1909f56bfc062723c751e8b465ee728b)  -> (artifact id: 'eaedb206fd9ab3caf31906cd5e47bc7e') in 0.052968 seconds 
========================================================================
Received Import Request.
  Time since last request: 0.000046 seconds.
  path: Assets/Sprites/Sstick_Figure/Stick Figure Character Sprites 2D/Pistol sprites/pistol_hit_0048.png
  artifactKey: Guid(9da0c985e6198374a9bd2457bc8218df) Importer(815301076,1909f56bfc062723c751e8b465ee728b)
Start importing Assets/Sprites/Sstick_Figure/Stick Figure Character Sprites 2D/Pistol sprites/pistol_hit_0048.png using Guid(9da0c985e6198374a9bd2457bc8218df) Importer(815301076,1909f56bfc062723c751e8b465ee728b)  -> (artifact id: '2fd94d3106adcb96d982e8b158e773d0') in 0.059875 seconds 
========================================================================
Received Import Request.
  Time since last request: 0.000044 seconds.
  path: Assets/Sprites/Sstick_Figure/Stick Figure Character Sprites 2D/Pistol sprites/pistol_Idle_0005.png
  artifactKey: Guid(e6c848b459aad6b498f6f211655f6bdd) Importer(815301076,1909f56bfc062723c751e8b465ee728b)
Start importing Assets/Sprites/Sstick_Figure/Stick Figure Character Sprites 2D/Pistol sprites/pistol_Idle_0005.png using Guid(e6c848b459aad6b498f6f211655f6bdd) Importer(815301076,1909f56bfc062723c751e8b465ee728b)  -> (artifact id: '0e92553bd8973b4b476278eaf4e5ea48') in 0.059681 seconds 
========================================================================
Received Import Request.
  Time since last request: 0.000049 seconds.
  path: Assets/Sprites/Sstick_Figure/Stick Figure Character Sprites 2D/Pistol sprites/pistol_death_0058.png
  artifactKey: Guid(9c939fdd2767ed94ba019e427df3d3d1) Importer(815301076,1909f56bfc062723c751e8b465ee728b)
Start importing Assets/Sprites/Sstick_Figure/Stick Figure Character Sprites 2D/Pistol sprites/pistol_death_0058.png using Guid(9c939fdd2767ed94ba019e427df3d3d1) Importer(815301076,1909f56bfc062723c751e8b465ee728b)  -> (artifact id: '13edb807fac51d417681f7190ccd401c') in 0.061679 seconds 
========================================================================
Received Import Request.
  Time since last request: 0.000037 seconds.
  path: Assets/Sprites/Sstick_Figure/Stick Figure Character Sprites 2D/Pistol sprites/pistol_climb_0042.png
  artifactKey: Guid(a8f06d0ae970bfc4dafe4cea68e3f3d0) Importer(815301076,1909f56bfc062723c751e8b465ee728b)
Start importing Assets/Sprites/Sstick_Figure/Stick Figure Character Sprites 2D/Pistol sprites/pistol_climb_0042.png using Guid(a8f06d0ae970bfc4dafe4cea68e3f3d0) Importer(815301076,1909f56bfc062723c751e8b465ee728b)  -> (artifact id: '953b7147f57755b6054fd2827c62db98') in 0.060526 seconds 
========================================================================
Received Import Request.
  Time since last request: 0.000035 seconds.
  path: Assets/Sprites/Sstick_Figure/Stick Figure Character Sprites 2D/Pistol sprites/pistol_slide_0032.png
  artifactKey: Guid(8606dbfa71e98834892901bd87831de0) Importer(815301076,1909f56bfc062723c751e8b465ee728b)
Start importing Assets/Sprites/Sstick_Figure/Stick Figure Character Sprites 2D/Pistol sprites/pistol_slide_0032.png using Guid(8606dbfa71e98834892901bd87831de0) Importer(815301076,1909f56bfc062723c751e8b465ee728b)  -> (artifact id: '534a59f4dd72b098720b710bd34841f1') in 0.059152 seconds 
========================================================================
Received Import Request.
  Time since last request: 0.000034 seconds.
  path: Assets/Sprites/Sstick_Figure/Stick Figure Character Sprites 2D/Pistol sprites/pistol_Idle_0002.png
  artifactKey: Guid(618603ca33167b94aae4ee27c31db988) Importer(815301076,1909f56bfc062723c751e8b465ee728b)
Start importing Assets/Sprites/Sstick_Figure/Stick Figure Character Sprites 2D/Pistol sprites/pistol_Idle_0002.png using Guid(618603ca33167b94aae4ee27c31db988) Importer(815301076,1909f56bfc062723c751e8b465ee728b)  -> (artifact id: '082ce9fc3ef41896db8425318376dd5d') in 0.054404 seconds 
========================================================================
Received Import Request.
  Time since last request: 0.000050 seconds.
  path: Assets/Sprites/Sstick_Figure/Stick Figure Character Sprites 2D/Pistol sprites/pistol_dash_0034.png
  artifactKey: Guid(cd2c6d17c7b1a0e42aadb2d863588816) Importer(815301076,1909f56bfc062723c751e8b465ee728b)
Start importing Assets/Sprites/Sstick_Figure/Stick Figure Character Sprites 2D/Pistol sprites/pistol_dash_0034.png using Guid(cd2c6d17c7b1a0e42aadb2d863588816) Importer(815301076,1909f56bfc062723c751e8b465ee728b)  -> (artifact id: '8b4e861f90be284f47a36bef93f02451') in 0.059425 seconds 
========================================================================
Received Import Request.
  Time since last request: 0.000064 seconds.
  path: Assets/Sprites/Sstick_Figure/Stick Figure Character Sprites 2D/Pistol sprites/pistol_Idle_0006.png
  artifactKey: Guid(521aa484b2d701249ac601b607e79f8b) Importer(815301076,1909f56bfc062723c751e8b465ee728b)
Start importing Assets/Sprites/Sstick_Figure/Stick Figure Character Sprites 2D/Pistol sprites/pistol_Idle_0006.png using Guid(521aa484b2d701249ac601b607e79f8b) Importer(815301076,1909f56bfc062723c751e8b465ee728b)  -> (artifact id: '135e4bd0bfdd4a0d582f0c6392d5d212') in 0.049980 seconds 
========================================================================
Received Import Request.
  Time since last request: 0.000042 seconds.
  path: Assets/Sprites/Sstick_Figure/Stick Figure Character Sprites 2D/Pistol sprites/pistol_dash_0035.png
  artifactKey: Guid(bfdf6c6446adf4241b84292d1b3fab1c) Importer(815301076,1909f56bfc062723c751e8b465ee728b)
Start importing Assets/Sprites/Sstick_Figure/Stick Figure Character Sprites 2D/Pistol sprites/pistol_dash_0035.png using Guid(bfdf6c6446adf4241b84292d1b3fab1c) Importer(815301076,1909f56bfc062723c751e8b465ee728b)  -> (artifact id: '8cdbfbb1f3ea0d8da33745a5275e81af') in 0.056034 seconds 
========================================================================
Received Import Request.
  Time since last request: 0.000044 seconds.
  path: Assets/Sprites/Sstick_Figure/Stick Figure Character Sprites 2D/Pistol sprites/pistol_run_0018.png
  artifactKey: Guid(0a76e9a6a96beb049959faf967952287) Importer(815301076,1909f56bfc062723c751e8b465ee728b)
Start importing Assets/Sprites/Sstick_Figure/Stick Figure Character Sprites 2D/Pistol sprites/pistol_run_0018.png using Guid(0a76e9a6a96beb049959faf967952287) Importer(815301076,1909f56bfc062723c751e8b465ee728b)  -> (artifact id: '9bb5456eaf6c5506b8731af59b742c20') in 0.058776 seconds 
========================================================================
Received Import Request.
  Time since last request: 0.000036 seconds.
  path: Assets/Sprites/Sstick_Figure/Stick Figure Character Sprites 2D/Pistol sprites/pistol_slide_0026.png
  artifactKey: Guid(2afacf7e180a7b44c97c1a8178149893) Importer(815301076,1909f56bfc062723c751e8b465ee728b)
Start importing Assets/Sprites/Sstick_Figure/Stick Figure Character Sprites 2D/Pistol sprites/pistol_slide_0026.png using Guid(2afacf7e180a7b44c97c1a8178149893) Importer(815301076,1909f56bfc062723c751e8b465ee728b)  -> (artifact id: '941995e3069ef9a614f16f0cb6aa6692') in 0.056916 seconds 
========================================================================
Received Import Request.
  Time since last request: 0.000043 seconds.
  path: Assets/Sprites/Sstick_Figure/Stick Figure Character Sprites 2D/Pistol sprites/pistol_hit_0051.png
  artifactKey: Guid(a49875c11c6bb2e48806594c73300899) Importer(815301076,1909f56bfc062723c751e8b465ee728b)
Start importing Assets/Sprites/Sstick_Figure/Stick Figure Character Sprites 2D/Pistol sprites/pistol_hit_0051.png using Guid(a49875c11c6bb2e48806594c73300899) Importer(815301076,1909f56bfc062723c751e8b465ee728b)  -> (artifact id: 'b8143764ba3fa4d159f4de172618ce24') in 0.063399 seconds 
========================================================================
Received Import Request.
  Time since last request: 0.000040 seconds.
  path: Assets/Sprites/Sstick_Figure/Stick Figure Character Sprites 2D/Pistol sprites/pistol_death_0052.png
  artifactKey: Guid(ca83aae26493eb74780f58ca8a2fbc10) Importer(815301076,1909f56bfc062723c751e8b465ee728b)
Start importing Assets/Sprites/Sstick_Figure/Stick Figure Character Sprites 2D/Pistol sprites/pistol_death_0052.png using Guid(ca83aae26493eb74780f58ca8a2fbc10) Importer(815301076,1909f56bfc062723c751e8b465ee728b)  -> (artifact id: '965bbc81af95705379ed5e7dd72f9c85') in 0.056672 seconds 
========================================================================
Received Import Request.
  Time since last request: 0.000039 seconds.
  path: Assets/Sprites/Sstick_Figure/Stick Figure Character Sprites 2D/Pistol sprites/pistol_death_0056.png
  artifactKey: Guid(446008bd0e942aa4ab72c2989f29f2d9) Importer(815301076,1909f56bfc062723c751e8b465ee728b)
Start importing Assets/Sprites/Sstick_Figure/Stick Figure Character Sprites 2D/Pistol sprites/pistol_death_0056.png using Guid(446008bd0e942aa4ab72c2989f29f2d9) Importer(815301076,1909f56bfc062723c751e8b465ee728b)  -> (artifact id: '96a9457bee468288f2c57f50bff86f8c') in 0.053840 seconds 
========================================================================
Received Import Request.
  Time since last request: 0.000041 seconds.
  path: Assets/Sprites/Sstick_Figure/Stick Figure Character Sprites 2D/Pistol sprites/pistol_death_0055.png
  artifactKey: Guid(ce1d053564d00f942b1d5ffe42a89100) Importer(815301076,1909f56bfc062723c751e8b465ee728b)
Start importing Assets/Sprites/Sstick_Figure/Stick Figure Character Sprites 2D/Pistol sprites/pistol_death_0055.png using Guid(ce1d053564d00f942b1d5ffe42a89100) Importer(815301076,1909f56bfc062723c751e8b465ee728b)  -> (artifact id: '2caaeba63030247c3005550af01bd925') in 0.057133 seconds 
========================================================================
Received Import Request.
  Time since last request: 0.000047 seconds.
  path: Assets/Sprites/Sstick_Figure/Stick Figure Character Sprites 2D/Pistol sprites/pistol_run_0022.png
  artifactKey: Guid(f5f10225e3f554347bd2c38d898e8480) Importer(815301076,1909f56bfc062723c751e8b465ee728b)
Start importing Assets/Sprites/Sstick_Figure/Stick Figure Character Sprites 2D/Pistol sprites/pistol_run_0022.png using Guid(f5f10225e3f554347bd2c38d898e8480) Importer(815301076,1909f56bfc062723c751e8b465ee728b)  -> (artifact id: 'd3a54db162d0406ff74846a50a1783de') in 0.058625 seconds 
========================================================================
Received Import Request.
  Time since last request: 0.000063 seconds.
  path: Assets/Sprites/Sstick_Figure/Stick Figure Character Sprites 2D/Pistol sprites/pistol_walk_0012.png
  artifactKey: Guid(083ad9209ad299c4c8010a29387f9ef5) Importer(815301076,1909f56bfc062723c751e8b465ee728b)
Start importing Assets/Sprites/Sstick_Figure/Stick Figure Character Sprites 2D/Pistol sprites/pistol_walk_0012.png using Guid(083ad9209ad299c4c8010a29387f9ef5) Importer(815301076,1909f56bfc062723c751e8b465ee728b)  -> (artifact id: '47b7dc35ee460436e893e51caae912a1') in 0.057885 seconds 
========================================================================
Received Import Request.
  Time since last request: 0.000044 seconds.
  path: Assets/Sprites/Sstick_Figure/Stick Figure Character Sprites 2D/Pistol sprites/pistol_shot_0065.png
  artifactKey: Guid(b73a99f3af240e2438e1f67344f2a1e5) Importer(815301076,1909f56bfc062723c751e8b465ee728b)
Start importing Assets/Sprites/Sstick_Figure/Stick Figure Character Sprites 2D/Pistol sprites/pistol_shot_0065.png using Guid(b73a99f3af240e2438e1f67344f2a1e5) Importer(815301076,1909f56bfc062723c751e8b465ee728b)  -> (artifact id: 'eb418252fc57f285e6d8732984519f29') in 0.066328 seconds 
========================================================================
Received Import Request.
  Time since last request: 0.000036 seconds.
  path: Assets/Sprites/Sstick_Figure/Stick Figure Character Sprites 2D/Pistol sprites/pistol_Idle_0004.png
  artifactKey: Guid(ddfa3b6a057280545afa7bc2ae9074e4) Importer(815301076,1909f56bfc062723c751e8b465ee728b)
Start importing Assets/Sprites/Sstick_Figure/Stick Figure Character Sprites 2D/Pistol sprites/pistol_Idle_0004.png using Guid(ddfa3b6a057280545afa7bc2ae9074e4) Importer(815301076,1909f56bfc062723c751e8b465ee728b)  -> (artifact id: '0397cf61ad2be0e678ba874d90f50094') in 0.071067 seconds 
========================================================================
Received Import Request.
  Time since last request: 0.000044 seconds.
  path: Assets/Sprites/Sstick_Figure/Stick Figure Character Sprites 2D/Pistol sprites/pistol_jump_0046.png
  artifactKey: Guid(affa16f52c78c0e419fcaa63fa9b82b0) Importer(815301076,1909f56bfc062723c751e8b465ee728b)
Start importing Assets/Sprites/Sstick_Figure/Stick Figure Character Sprites 2D/Pistol sprites/pistol_jump_0046.png using Guid(affa16f52c78c0e419fcaa63fa9b82b0) Importer(815301076,1909f56bfc062723c751e8b465ee728b)  -> (artifact id: 'e7bf744864bf9018767b7883c15d5dd9') in 0.056942 seconds 
========================================================================
Received Import Request.
  Time since last request: 0.000044 seconds.
  path: Assets/Sprites/Sstick_Figure/Stick Figure Character Sprites 2D/Pistol sprites/pistol_Idle_0008.png
  artifactKey: Guid(a9873d1fdda336d41a17248eaba4b594) Importer(815301076,1909f56bfc062723c751e8b465ee728b)
Start importing Assets/Sprites/Sstick_Figure/Stick Figure Character Sprites 2D/Pistol sprites/pistol_Idle_0008.png using Guid(a9873d1fdda336d41a17248eaba4b594) Importer(815301076,1909f56bfc062723c751e8b465ee728b)  -> (artifact id: '998cdcdb7ecec4850c9e936bb6b08379') in 0.056526 seconds 
========================================================================
Received Import Request.
  Time since last request: 0.000040 seconds.
  path: Assets/Sprites/Sstick_Figure/Stick Figure Character Sprites 2D/Pistol sprites/pistol_dash_0033.png
  artifactKey: Guid(edcdfdd28c9223c4badd44c597dee12c) Importer(815301076,1909f56bfc062723c751e8b465ee728b)
Start importing Assets/Sprites/Sstick_Figure/Stick Figure Character Sprites 2D/Pistol sprites/pistol_dash_0033.png using Guid(edcdfdd28c9223c4badd44c597dee12c) Importer(815301076,1909f56bfc062723c751e8b465ee728b)  -> (artifact id: 'e1e4c52179c7f5d1b412006e29db7789') in 0.053271 seconds 
========================================================================
Received Import Request.
  Time since last request: 0.000033 seconds.
  path: Assets/Sprites/Sstick_Figure/Stick Figure Character Sprites 2D/Pistol sprites/pistol_jump_0047.png
  artifactKey: Guid(bb155f18b118e7f45ab5d4fcd0d21382) Importer(815301076,1909f56bfc062723c751e8b465ee728b)
Start importing Assets/Sprites/Sstick_Figure/Stick Figure Character Sprites 2D/Pistol sprites/pistol_jump_0047.png using Guid(bb155f18b118e7f45ab5d4fcd0d21382) Importer(815301076,1909f56bfc062723c751e8b465ee728b)  -> (artifact id: '3ac079948cdc24deb7b674b5890e2544') in 0.059870 seconds 
========================================================================
Received Import Request.
  Time since last request: 0.000032 seconds.
  path: Assets/Sprites/Sstick_Figure/Stick Figure Character Sprites 2D/Pistol sprites/pistol_death_0059.png
  artifactKey: Guid(56a4dada88515204d89971a9a5a2bcb4) Importer(815301076,1909f56bfc062723c751e8b465ee728b)
Start importing Assets/Sprites/Sstick_Figure/Stick Figure Character Sprites 2D/Pistol sprites/pistol_death_0059.png using Guid(56a4dada88515204d89971a9a5a2bcb4) Importer(815301076,1909f56bfc062723c751e8b465ee728b)  -> (artifact id: '6b4580f8f3f720f559e7b59a61d585c5') in 0.057479 seconds 
========================================================================
Received Import Request.
  Time since last request: 0.000030 seconds.
  path: Assets/Sprites/Sstick_Figure/Stick Figure Character Sprites 2D/Pistol sprites/pistol_walk_0016.png
  artifactKey: Guid(f9290ec3475153b47b99fce8a87238eb) Importer(815301076,1909f56bfc062723c751e8b465ee728b)
Start importing Assets/Sprites/Sstick_Figure/Stick Figure Character Sprites 2D/Pistol sprites/pistol_walk_0016.png using Guid(f9290ec3475153b47b99fce8a87238eb) Importer(815301076,1909f56bfc062723c751e8b465ee728b)  -> (artifact id: '9ab66d3ee20d6b2f3d876f9dd86d791b') in 0.056857 seconds 
========================================================================
Received Import Request.
  Time since last request: 24.104533 seconds.
  path: Assets/Sprites/Player/Run
  artifactKey: Guid(235b6f5e70adebf458ff2accb5bd904a) Importer(815301076,1909f56bfc062723c751e8b465ee728b)
Start importing Assets/Sprites/Player/Run using Guid(235b6f5e70adebf458ff2accb5bd904a) Importer(815301076,1909f56bfc062723c751e8b465ee728b)  -> (artifact id: '7a2bf520edcd021b197feee68449dc2b') in 0.013534 seconds 
========================================================================
Received Import Request.
  Time since last request: 120.137926 seconds.
  path: Assets/Scenes/Gameplay.unity
  artifactKey: Guid(2cda990e2423bbf4892e6590ba056729) Importer(815301076,1909f56bfc062723c751e8b465ee728b)
Start importing Assets/Scenes/Gameplay.unity using Guid(2cda990e2423bbf4892e6590ba056729) Importer(815301076,1909f56bfc062723c751e8b465ee728b)  -> (artifact id: '1dd0218de88e170dd1a170cc16139ced') in 0.015964 seconds 
========================================================================
Received Prepare
Registering precompiled user dll's ...
Registered in 0.011267 seconds.
Begin MonoManager ReloadAssembly
Symbol file LoadedFromMemory doesn't match image E:\UnityWithFriend\Roucard\Library\PackageCache\com.unity.visualscripting@1.7.8\Editor\VisualScripting.Core\Dependencies\YamlDotNet\Unity.VisualScripting.YamlDotNet.dll
Symbol file LoadedFromMemory doesn't match image E:\UnityWithFriend\Roucard\Library\PackageCache\com.unity.visualscripting@1.7.8\Editor\VisualScripting.Core\Dependencies\DotNetZip\Unity.VisualScripting.IonicZip.dll
Native extension for WindowsStandalone target not found
Native extension for iOS target not found
Native extension for Android target not found
Refreshing native plugins compatible for Editor in 1.39 ms, found 4 plugins.
Preloading 0 native plugins for Editor in 0.00 ms.
Mono: successfully reloaded assembly
- Completed reload, in  2.147 seconds
Domain Reload Profiling:
	ReloadAssembly (2148ms)
		BeginReloadAssembly (237ms)
			ExecutionOrderSort (0ms)
			DisableScriptedObjects (14ms)
			BackupInstance (0ms)
			ReleaseScriptingObjects (0ms)
			CreateAndSetChildDomain (62ms)
		EndReloadAssembly (1721ms)
			LoadAssemblies (189ms)
			RebuildTransferFunctionScriptingTraits (0ms)
			SetupTypeCache (572ms)
			ReleaseScriptCaches (3ms)
			RebuildScriptCaches (100ms)
			SetupLoadedEditorAssemblies (763ms)
				LogAssemblyErrors (0ms)
				InitializePlatformSupportModulesInManaged (59ms)
				SetLoadedEditorAssemblies (1ms)
				RefreshPlugins (2ms)
				BeforeProcessingInitializeOnLoad (142ms)
				ProcessInitializeOnLoadAttributes (459ms)
				ProcessInitializeOnLoadMethodAttributes (94ms)
				AfterProcessingInitializeOnLoad (5ms)
				EditorAssembliesLoaded (1ms)
			ExecutionOrderSort2 (0ms)
			AwakeInstancesAfterBackupRestoration (17ms)
Platform modules already initialized, skipping
Refreshing native plugins compatible for Editor in 3.46 ms, found 4 plugins.
Preloading 0 native plugins for Editor in 0.00 ms.
Unloading 4051 Unused Serialized files (Serialized files now loaded: 0)
Unloading 31 unused Assets / (189.7 KB). Loaded Objects now: 4516.
Memory consumption went from 155.2 MB to 155.0 MB.
Total: 5.299800 ms (FindLiveObjects: 0.378000 ms CreateObjectMapping: 0.388000 ms MarkObjects: 4.341700 ms  DeleteObjects: 0.190000 ms)

AssetImportParameters requested are different than current active one (requested -> active):
  custom:video-decoder-ogg-theora: a1e56fd34408186e4bbccfd4996cb3dc -> 
  custom:container-muxer-webm: aa71ff27fc2769a1b78a27578f13a17b -> 
  custom:container-demuxer-webm: 4f35f7cbe854078d1ac9338744f61a02 -> 
  custom:video-encoder-webm-vp8: eb34c28f22e8b96e1ab97ce403110664 -> 
  custom:audio-encoder-webm-vorbis: bf7c407c2cedff20999df2af8eb42d56 -> 
  custom:framework-win-MediaFoundation: 216162199b28c13a410421893ffa2e32 -> 
  custom:container-demuxer-ogg: 62fdf1f143b41e24485cea50d1cbac27 -> 
  custom:video-decoder-webm-vp8: 9c59270c3fd7afecdb556c50c9e8de78 -> 
  custom:audio-decoder-ogg-vorbis: bf7c407c2cedff20999df2af8eb42d56 -> 
========================================================================
Received Import Request.
  Time since last request: 280.610814 seconds.
  path: Assets/Sprites/Player/Idel/Idel.anim
  artifactKey: Guid(b376ff593811b724788547faeb15fe84) Importer(815301076,1909f56bfc062723c751e8b465ee728b)
Start importing Assets/Sprites/Player/Idel/Idel.anim using Guid(b376ff593811b724788547faeb15fe84) Importer(815301076,1909f56bfc062723c751e8b465ee728b)  -> (artifact id: '60288d8c447bec1c33449095c745cc63') in 0.032063 seconds 
========================================================================
Received Import Request.
  Time since last request: 47.576878 seconds.
  path: Assets/Sprites/Player/Idel/Idel_Conrtoler.controller
  artifactKey: Guid(9aabbeccf3bda344190deef2e2862c5a) Importer(815301076,1909f56bfc062723c751e8b465ee728b)
Start importing Assets/Sprites/Player/Idel/Idel_Conrtoler.controller using Guid(9aabbeccf3bda344190deef2e2862c5a) Importer(815301076,1909f56bfc062723c751e8b465ee728b)  -> (artifact id: '388d98f73a80cc9f41cd53a14cff7752') in 0.018110 seconds 
========================================================================
Received Import Request.
  Time since last request: 132.627728 seconds.
  path: Assets/Sprites/Player/Idel/pistol_Idle_0001.controller
  artifactKey: Guid(18824648dd787894b9432ccfe5590a4c) Importer(815301076,1909f56bfc062723c751e8b465ee728b)
Start importing Assets/Sprites/Player/Idel/pistol_Idle_0001.controller using Guid(18824648dd787894b9432ccfe5590a4c) Importer(815301076,1909f56bfc062723c751e8b465ee728b)  -> (artifact id: '594b859f484cbc9f993b4087cc994c32') in 0.013964 seconds 
========================================================================
Received Import Request.
  Time since last request: 4.274506 seconds.
  path: Assets/Sprites/Player/Idel/Capsule.controller
  artifactKey: Guid(a4f86b95e158fc94791b33bcec6264e5) Importer(815301076,1909f56bfc062723c751e8b465ee728b)
Start importing Assets/Sprites/Player/Idel/Capsule.controller using Guid(a4f86b95e158fc94791b33bcec6264e5) Importer(815301076,1909f56bfc062723c751e8b465ee728b)  -> (artifact id: '7ecd3401cdb1bbe8f8fc7634118d78e0') in 0.013201 seconds 
========================================================================
Received Import Request.
  Time since last request: 3.193835 seconds.
  path: Packages/com.unity.2d.sprite/Editor/ObjectMenuCreation/DefaultAssets/Textures/v2/Capsule.png
  artifactKey: Guid(207ee8102dd4143d288186ef0be518ee) Importer(815301076,1909f56bfc062723c751e8b465ee728b)
Start importing Packages/com.unity.2d.sprite/Editor/ObjectMenuCreation/DefaultAssets/Textures/v2/Capsule.png using Guid(207ee8102dd4143d288186ef0be518ee) Importer(815301076,1909f56bfc062723c751e8b465ee728b)  -> (artifact id: 'd477abb94e3cde8510d05c74b681f002') in 0.098272 seconds 
========================================================================
Received Prepare
Registering precompiled user dll's ...
Registered in 0.008379 seconds.
Begin MonoManager ReloadAssembly
Symbol file LoadedFromMemory doesn't match image E:\UnityWithFriend\Roucard\Library\PackageCache\com.unity.visualscripting@1.7.8\Editor\VisualScripting.Core\Dependencies\YamlDotNet\Unity.VisualScripting.YamlDotNet.dll
Symbol file LoadedFromMemory doesn't match image E:\UnityWithFriend\Roucard\Library\PackageCache\com.unity.visualscripting@1.7.8\Editor\VisualScripting.Core\Dependencies\DotNetZip\Unity.VisualScripting.IonicZip.dll
Native extension for WindowsStandalone target not found
Native extension for iOS target not found
Native extension for Android target not found
Refreshing native plugins compatible for Editor in 1.06 ms, found 4 plugins.
Preloading 0 native plugins for Editor in 0.00 ms.
Mono: successfully reloaded assembly
- Completed reload, in  2.226 seconds
Domain Reload Profiling:
	ReloadAssembly (2227ms)
		BeginReloadAssembly (262ms)
			ExecutionOrderSort (0ms)
			DisableScriptedObjects (16ms)
			BackupInstance (0ms)
			ReleaseScriptingObjects (0ms)
			CreateAndSetChildDomain (67ms)
		EndReloadAssembly (1758ms)
			LoadAssemblies (216ms)
			RebuildTransferFunctionScriptingTraits (0ms)
			SetupTypeCache (611ms)
			ReleaseScriptCaches (3ms)
			RebuildScriptCaches (106ms)
			SetupLoadedEditorAssemblies (749ms)
				LogAssemblyErrors (0ms)
				InitializePlatformSupportModulesInManaged (64ms)
				SetLoadedEditorAssemblies (1ms)
				RefreshPlugins (1ms)
				BeforeProcessingInitializeOnLoad (157ms)
				ProcessInitializeOnLoadAttributes (448ms)
				ProcessInitializeOnLoadMethodAttributes (72ms)
				AfterProcessingInitializeOnLoad (5ms)
				EditorAssembliesLoaded (0ms)
			ExecutionOrderSort2 (0ms)
			AwakeInstancesAfterBackupRestoration (13ms)
Platform modules already initialized, skipping
Refreshing native plugins compatible for Editor in 4.87 ms, found 4 plugins.
Preloading 0 native plugins for Editor in 0.00 ms.
Unloading 4051 Unused Serialized files (Serialized files now loaded: 0)
Unloading 31 unused Assets / (189.6 KB). Loaded Objects now: 4522.
Memory consumption went from 155.2 MB to 155.0 MB.
Total: 6.900800 ms (FindLiveObjects: 0.488700 ms CreateObjectMapping: 0.532400 ms MarkObjects: 5.619900 ms  DeleteObjects: 0.257700 ms)

AssetImportParameters requested are different than current active one (requested -> active):
  custom:video-decoder-ogg-theora: a1e56fd34408186e4bbccfd4996cb3dc -> 
  custom:container-muxer-webm: aa71ff27fc2769a1b78a27578f13a17b -> 
  custom:container-demuxer-webm: 4f35f7cbe854078d1ac9338744f61a02 -> 
  custom:video-encoder-webm-vp8: eb34c28f22e8b96e1ab97ce403110664 -> 
  custom:audio-encoder-webm-vorbis: bf7c407c2cedff20999df2af8eb42d56 -> 
  custom:framework-win-MediaFoundation: 216162199b28c13a410421893ffa2e32 -> 
  custom:container-demuxer-ogg: 62fdf1f143b41e24485cea50d1cbac27 -> 
  custom:video-decoder-webm-vp8: 9c59270c3fd7afecdb556c50c9e8de78 -> 
  custom:audio-decoder-ogg-vorbis: bf7c407c2cedff20999df2af8eb42d56 -> 
========================================================================
Received Import Request.
  Time since last request: 80.387440 seconds.
  path: Assets/Scenes/Setting.unity
  artifactKey: Guid(1de82f45ffd3aae44a8fa0e56ed32b64) Importer(815301076,1909f56bfc062723c751e8b465ee728b)
Start importing Assets/Scenes/Setting.unity using Guid(1de82f45ffd3aae44a8fa0e56ed32b64) Importer(815301076,1909f56bfc062723c751e8b465ee728b)  -> (artifact id: '1b6c047893466a577199f72d39095d3e') in 0.020943 seconds 
========================================================================
Received Prepare
Refreshing native plugins compatible for Editor in 15.75 ms, found 4 plugins.
Preloading 0 native plugins for Editor in 0.00 ms.
Unloading 31 Unused Serialized files (Serialized files now loaded: 0)
Unloading 31 unused Assets / (187.2 KB). Loaded Objects now: 4522.
Memory consumption went from 74.8 MB to 74.6 MB.
Total: 5.769100 ms (FindLiveObjects: 0.503300 ms CreateObjectMapping: 0.543400 ms MarkObjects: 4.439800 ms  DeleteObjects: 0.280200 ms)

AssetImportParameters requested are different than current active one (requested -> active):
  custom:video-decoder-ogg-theora: a1e56fd34408186e4bbccfd4996cb3dc -> 
  custom:container-muxer-webm: aa71ff27fc2769a1b78a27578f13a17b -> 
  custom:container-demuxer-webm: 4f35f7cbe854078d1ac9338744f61a02 -> 
  custom:video-encoder-webm-vp8: eb34c28f22e8b96e1ab97ce403110664 -> 
  custom:audio-encoder-webm-vorbis: bf7c407c2cedff20999df2af8eb42d56 -> 
  custom:framework-win-MediaFoundation: 216162199b28c13a410421893ffa2e32 -> 
  custom:container-demuxer-ogg: 62fdf1f143b41e24485cea50d1cbac27 -> 
  custom:video-decoder-webm-vp8: 9c59270c3fd7afecdb556c50c9e8de78 -> 
  custom:audio-decoder-ogg-vorbis: bf7c407c2cedff20999df2af8eb42d56 -> 
========================================================================
Received Prepare
Refreshing native plugins compatible for Editor in 18.85 ms, found 4 plugins.
Preloading 0 native plugins for Editor in 0.00 ms.
Unloading 31 Unused Serialized files (Serialized files now loaded: 0)
Unloading 31 unused Assets / (188.2 KB). Loaded Objects now: 4522.
Memory consumption went from 74.8 MB to 74.6 MB.
Total: 7.958100 ms (FindLiveObjects: 0.545500 ms CreateObjectMapping: 0.833200 ms MarkObjects: 6.316400 ms  DeleteObjects: 0.261400 ms)

AssetImportParameters requested are different than current active one (requested -> active):
  custom:video-decoder-ogg-theora: a1e56fd34408186e4bbccfd4996cb3dc -> 
  custom:container-muxer-webm: aa71ff27fc2769a1b78a27578f13a17b -> 
  custom:container-demuxer-webm: 4f35f7cbe854078d1ac9338744f61a02 -> 
  custom:video-encoder-webm-vp8: eb34c28f22e8b96e1ab97ce403110664 -> 
  custom:audio-encoder-webm-vorbis: bf7c407c2cedff20999df2af8eb42d56 -> 
  custom:framework-win-MediaFoundation: 216162199b28c13a410421893ffa2e32 -> 
  custom:container-demuxer-ogg: 62fdf1f143b41e24485cea50d1cbac27 -> 
  custom:video-decoder-webm-vp8: 9c59270c3fd7afecdb556c50c9e8de78 -> 
  custom:audio-decoder-ogg-vorbis: bf7c407c2cedff20999df2af8eb42d56 -> 
========================================================================
Received Prepare
Registering precompiled user dll's ...
Registered in 0.012473 seconds.
Begin MonoManager ReloadAssembly
Symbol file LoadedFromMemory doesn't match image E:\UnityWithFriend\Roucard\Library\PackageCache\com.unity.visualscripting@1.7.8\Editor\VisualScripting.Core\Dependencies\YamlDotNet\Unity.VisualScripting.YamlDotNet.dll
Symbol file LoadedFromMemory doesn't match image E:\UnityWithFriend\Roucard\Library\PackageCache\com.unity.visualscripting@1.7.8\Editor\VisualScripting.Core\Dependencies\DotNetZip\Unity.VisualScripting.IonicZip.dll
Native extension for WindowsStandalone target not found
Native extension for iOS target not found
Native extension for Android target not found
Refreshing native plugins compatible for Editor in 1.21 ms, found 4 plugins.
Preloading 0 native plugins for Editor in 0.00 ms.
Mono: successfully reloaded assembly
- Completed reload, in  1.987 seconds
Domain Reload Profiling:
	ReloadAssembly (1988ms)
		BeginReloadAssembly (392ms)
			ExecutionOrderSort (0ms)
			DisableScriptedObjects (15ms)
			BackupInstance (0ms)
			ReleaseScriptingObjects (0ms)
			CreateAndSetChildDomain (144ms)
		EndReloadAssembly (1402ms)
			LoadAssemblies (244ms)
			RebuildTransferFunctionScriptingTraits (0ms)
			SetupTypeCache (474ms)
			ReleaseScriptCaches (2ms)
			RebuildScriptCaches (79ms)
			SetupLoadedEditorAssemblies (604ms)
				LogAssemblyErrors (0ms)
				InitializePlatformSupportModulesInManaged (56ms)
				SetLoadedEditorAssemblies (1ms)
				RefreshPlugins (1ms)
				BeforeProcessingInitializeOnLoad (125ms)
				ProcessInitializeOnLoadAttributes (346ms)
				ProcessInitializeOnLoadMethodAttributes (69ms)
				AfterProcessingInitializeOnLoad (4ms)
				EditorAssembliesLoaded (0ms)
			ExecutionOrderSort2 (0ms)
			AwakeInstancesAfterBackupRestoration (14ms)
Platform modules already initialized, skipping
Refreshing native plugins compatible for Editor in 3.36 ms, found 4 plugins.
Preloading 0 native plugins for Editor in 0.00 ms.
Unloading 4051 Unused Serialized files (Serialized files now loaded: 0)
Unloading 31 unused Assets / (189.8 KB). Loaded Objects now: 4525.
Memory consumption went from 155.2 MB to 155.0 MB.
Total: 6.598600 ms (FindLiveObjects: 0.384400 ms CreateObjectMapping: 0.315100 ms MarkObjects: 5.702400 ms  DeleteObjects: 0.194700 ms)

AssetImportParameters requested are different than current active one (requested -> active):
  custom:video-decoder-ogg-theora: a1e56fd34408186e4bbccfd4996cb3dc -> 
  custom:container-muxer-webm: aa71ff27fc2769a1b78a27578f13a17b -> 
  custom:container-demuxer-webm: 4f35f7cbe854078d1ac9338744f61a02 -> 
  custom:video-encoder-webm-vp8: eb34c28f22e8b96e1ab97ce403110664 -> 
  custom:audio-encoder-webm-vorbis: bf7c407c2cedff20999df2af8eb42d56 -> 
  custom:framework-win-MediaFoundation: 216162199b28c13a410421893ffa2e32 -> 
  custom:container-demuxer-ogg: 62fdf1f143b41e24485cea50d1cbac27 -> 
  custom:video-decoder-webm-vp8: 9c59270c3fd7afecdb556c50c9e8de78 -> 
  custom:audio-decoder-ogg-vorbis: bf7c407c2cedff20999df2af8eb42d56 -> 
========================================================================
Received Import Request.
  Time since last request: 167.000517 seconds.
  path: Assets/Scenes/Menu.unity
  artifactKey: Guid(656daa415eda61748a4f9dc82d831bb7) Importer(815301076,1909f56bfc062723c751e8b465ee728b)
Start importing Assets/Scenes/Menu.unity using Guid(656daa415eda61748a4f9dc82d831bb7) Importer(815301076,1909f56bfc062723c751e8b465ee728b)  -> (artifact id: 'eb0d370c8cdcd02642cb7561a6844f02') in 0.019503 seconds 
========================================================================
Received Import Request.
  Time since last request: 38.992067 seconds.
  path: Assets/Scenes/Gameplay.unity
  artifactKey: Guid(2cda990e2423bbf4892e6590ba056729) Importer(815301076,1909f56bfc062723c751e8b465ee728b)
Start importing Assets/Scenes/Gameplay.unity using Guid(2cda990e2423bbf4892e6590ba056729) Importer(815301076,1909f56bfc062723c751e8b465ee728b)  -> (artifact id: '2730ce69ae54e7beec1465951124b3ee') in 0.014302 seconds 
========================================================================
Received Import Request.
  Time since last request: 16.861016 seconds.
  path: Packages/com.unity.2d.sprite/Editor/ObjectMenuCreation/DefaultAssets/Textures/v2/Square.png
  artifactKey: Guid(311925a002f4447b3a28927169b83ea6) Importer(815301076,1909f56bfc062723c751e8b465ee728b)
Start importing Packages/com.unity.2d.sprite/Editor/ObjectMenuCreation/DefaultAssets/Textures/v2/Square.png using Guid(311925a002f4447b3a28927169b83ea6) Importer(815301076,1909f56bfc062723c751e8b465ee728b)  -> (artifact id: 'cdaa3aacc68c4e4e7f8b7bf441d19a76') in 0.144507 seconds 
